0 info it worked if it ends with ok
1 verbose cli [ '/Users/lzz/.nvm/versions/node/v5.0.0/bin/node',
1 verbose cli   '/Users/lzz/.nvm/versions/node/v5.0.0/bin/npm',
1 verbose cli   'run',
1 verbose cli   'start' ]
2 info using npm@3.3.6
3 info using node@v5.0.0
4 verbose run-script [ 'prestart', 'start', 'poststart' ]
5 info lifecycle wx-vue@0.1.0~prestart: wx-vue@0.1.0
6 silly lifecycle wx-vue@0.1.0~prestart: no script for prestart, continuing
7 info lifecycle wx-vue@0.1.0~start: wx-vue@0.1.0
8 verbose lifecycle wx-vue@0.1.0~start: unsafe-perm in lifecycle true
9 verbose lifecycle wx-vue@0.1.0~start: PATH: /Users/lzz/.nvm/versions/node/v5.0.0/lib/node_modules/npm/bin/node-gyp-bin:/Users/lzz/github/wx-vue/node_modules/.bin:/Users/lzz/.nvm/versions/node/v5.0.0/bin:/Users/lzz/tools/qiniu-devtools:/Library/Java/JavaVirtualMachines/1.6.0.jdk/Contents/Home/bin:/usr/local/Cellar/maven/3.2.3/bin:/opt/subversion/bin:/usr/local/Cellar/mongodb/2.6.5/bin:/usr/local/bin:/usr/bin:/bin:/usr/sbin:/sbin:/usr/local/git/bin
10 verbose lifecycle wx-vue@0.1.0~start: CWD: /Users/lzz/github/wx-vue
11 silly lifecycle wx-vue@0.1.0~start: Args: [ '-c', 'serve2 -M mock' ]
12 silly lifecycle wx-vue@0.1.0~start: Returned: code: 1  signal: null
13 info lifecycle wx-vue@0.1.0~start: Failed to exec start script
14 verbose stack Error: wx-vue@0.1.0 start: `serve2 -M mock`
14 verbose stack Exit status 1
14 verbose stack     at EventEmitter.<anonymous> (/Users/lzz/.nvm/versions/node/v5.0.0/lib/node_modules/npm/lib/utils/lifecycle.js:233:16)
14 verbose stack     at emitTwo (events.js:87:13)
14 verbose stack     at EventEmitter.emit (events.js:172:7)
14 verbose stack     at ChildProcess.<anonymous> (/Users/lzz/.nvm/versions/node/v5.0.0/lib/node_modules/npm/lib/utils/spawn.js:24:14)
14 verbose stack     at emitTwo (events.js:87:13)
14 verbose stack     at ChildProcess.emit (events.js:172:7)
14 verbose stack     at maybeClose (internal/child_process.js:818:16)
14 verbose stack     at Process.ChildProcess._handle.onexit (internal/child_process.js:211:5)
15 verbose pkgid wx-vue@0.1.0
16 verbose cwd /Users/lzz/github/wx-vue
17 error Darwin 15.0.0
18 error argv "/Users/lzz/.nvm/versions/node/v5.0.0/bin/node" "/Users/lzz/.nvm/versions/node/v5.0.0/bin/npm" "run" "start"
19 error node v5.0.0
20 error npm  v3.3.6
21 error code ELIFECYCLE
22 error wx-vue@0.1.0 start: `serve2 -M mock`
22 error Exit status 1
23 error Failed at the wx-vue@0.1.0 start script 'serve2 -M mock'.
23 error This is most likely a problem with the wx-vue package,
23 error not with npm itself.
23 error Tell the author that this fails on your system:
23 error     serve2 -M mock
23 error You can get their info via:
23 error     npm owner ls wx-vue
23 error There is likely additional logging output above.
24 verbose exit [ 1, true ]
